<?xml version="1.0" encoding="UTF-8"?>
<!-- Generated by org.testng.reporters.JUnitReportReporter -->
<testsuite skipped="1" hostname="DESKTOP-9REULMD" name="testCase.CreateWaybillnoCase" tests="4" failures="0" timestamp="04 七月 2019 07:04:47 GMT" time="13.798" errors="0">
  <testcase name="getLoginHome" time="12.935" classname="testCase.CreateWaybillnoCase"/>
  <testcase name="openCreateWaybillNoPage" time="0.088" classname="testCase.CreateWaybillnoCase"/>
  <testcase name="loginTest" time="0.775" classname="testCase.CreateWaybillnoCase"/>
  <testcase name="createWaybillNo" classname="testCase.CreateWaybillnoCase">
    <skipped/>
  </testcase> <!-- createWaybillNo -->
</testsuite> <!-- testCase.CreateWaybillnoCase -->
