<?xml version="1.0" encoding="UTF-8"?>
<!-- Generated by org.testng.reporters.JUnitReportReporter -->
<testsuite skipped="0" hostname="DESKTOP-9REULMD" name="testCase.LoginCase" tests="2" failures="0" timestamp="05 七月 2019 08:34:08 GMT" time="14.260" errors="0">
  <testcase name="getLoginHome" time="13.240" classname="testCase.LoginCase"/>
  <testcase name="loginTest" time="1.020" classname="testCase.LoginCase"/>
</testsuite> <!-- testCase.LoginCase -->
