<?xml version="1.0" encoding="UTF-8"?>
<!-- Generated by org.testng.reporters.JUnitReportReporter -->
<testsuite skipped="1" hostname="DESKTOP-9REULMD" name="testCase.CreateWaybillnoCase" tests="4" failures="0" timestamp="04 七月 2019 07:58:32 GMT" time="34.184" errors="0">
  <testcase name="getLoginHome" time="14.841" classname="testCase.CreateWaybillnoCase"/>
  <testcase name="openCreateWaybillNoPage" time="18.989" classname="testCase.CreateWaybillnoCase"/>
  <testcase name="loginTest" time="0.354" classname="testCase.CreateWaybillnoCase"/>
  <testcase name="createWaybillNo" classname="testCase.CreateWaybillnoCase">
    <skipped/>
  </testcase> <!-- createWaybillNo -->
</testsuite> <!-- testCase.CreateWaybillnoCase -->
